<?xml version="1.0" encoding="UTF-8"?>
<!-- Generated by org.testng.reporters.JUnitXMLReporter -->
<testsuite ignored="0" hostname="DESKTOP-47N9RH5" failures="0" tests="7" name="Default test" time="1.318" errors="0" timestamp="2024-01-04T10:51:26 IST">
  <testcase classname="com.training.cms.CalculatorTest" name="testAddNumbers5" time="0.008"/>
  <testcase classname="com.training.cms.CalculatorTest" name="testDiv1" time="0.011"/>
  <testcase classname="com.training.cms.CalculatorTest" name="testDiv2" time="0.003"/>
  <testcase classname="com.training.cms.CalculatorTest" name="testAddNumbers2" time="0.003"/>
  <testcase classname="com.training.cms.CalculatorTest" name="testAddNumbers3" time="0.005"/>
  <testcase classname="com.training.cms.CalculatorTest" name="testAddNumbers1" time="1.051"/>
  <testcase classname="com.training.cms.CalculatorTest" name="testAddNumbers4" time="0.003"/>
</testsuite> <!-- Default test -->
